<?xml version="1.0" encoding="UTF-8"?>
<!-- Generated by org.testng.reporters.JUnitXMLReporter -->
<testsuite hostname="WIN7--20160505Q" name="Test1" tests="1" failures="0" timestamp="5 Sep 2016 09:00:15 GMT" time="12.645" errors="0">
  <testcase name="@AfterClass TearDown" time="0.0" classname="TestCases.EditBrand">
    <failure type="java.sql.SQLException" message="Access denied for user &amp;apos;root&amp;apos;@&amp;apos;172.32.2.110&amp;apos; (using password: YES)">
      <![CDATA[java.sql.SQLException: Access denied for user 'root'@'172.32.2.110' (using password: YES)
	at com.mysql.jdbc.SQLError.createSQLException(SQLError.java:1073)
	at com.mysql.jdbc.MysqlIO.checkErrorPacket(MysqlIO.java:3597)
	at com.mysql.jdbc.MysqlIO.checkErrorPacket(MysqlIO.java:3529)
	at com.mysql.jdbc.MysqlIO.checkErrorPacket(MysqlIO.java:935)
	at com.mysql.jdbc.MysqlIO.secureAuth411(MysqlIO.java:4101)
	at com.mysql.jdbc.MysqlIO.doHandshake(MysqlIO.java:1300)
	at com.mysql.jdbc.ConnectionImpl.coreConnect(ConnectionImpl.java:2337)
	at com.mysql.jdbc.ConnectionImpl.connectOneTryOnly(ConnectionImpl.java:2370)
	at com.mysql.jdbc.ConnectionImpl.createNewIO(ConnectionImpl.java:2154)
	at com.mysql.jdbc.ConnectionImpl.<init>(ConnectionImpl.java:792)
	at com.mysql.jdbc.JDBC4Connection.<init>(JDBC4Connection.java:47)
	at com.mysql.jdbc.Util.handleNewInstance(Util.java:411)
	at com.mysql.jdbc.ConnectionImpl.getInstance(ConnectionImpl.java:381)
	at com.mysql.jdbc.NonRegisteringDriver.connect(NonRegisteringDriver.java:305)
	at java.sql.DriverManager.getConnection(Unknown Source)
	at java.sql.DriverManager.getConnection(Unknown Source)
	at BaseMethod.basicMethod.updateSql(basicMethod.java:284)
	at TestCases.EditBrand.TearDown(EditBrand.java:89)
	at java.util.concurrent.ThreadPoolExecutor.runWorker(Unknown Source)
	at java.util.concurrent.ThreadPoolExecutor$Worker.run(Unknown Source)
	at java.lang.Thread.run(Unknown Source)
... Removed 14 stack frames]]>
    </failure>
  </testcase> <!-- @AfterClass TearDown -->
  <testcase name="Edit" time="9.583" classname="TestCases.EditBrand"/>
</testsuite> <!-- Test1 -->
