<?xml version="1.0" encoding="UTF-8"?>
<testsuite name="Test1"
           tests="1"
           failures="1"
           errors="0"
           skipped="0"
           time="2.045">
  <properties />
            <testcase name="test" time="2.045" classname="TestCases.BaiduSearch">
                <failure type="org.ho.yaml.exception.YamlException"
                  message="Error near line 0: End of document expected."
              >
<![CDATA[org.ho.yaml.exception.YamlException: Error near line 0: End of document expected.
  org.ho.yaml.JYamlParserEvent.error(Unknown Source)
  org.ho.yaml.YamlDecoder.firstDocument(Unknown Source)
  org.ho.yaml.YamlDecoder.readObjectOfType(Unknown Source)
  org.ho.yaml.YamlConfig.loadType(Unknown Source)
  org.ho.yaml.YamlConfig.loadType(Unknown Source)
  org.ho.yaml.Yaml.loadType(Unknown Source)
  BaseMethod.Page.getYamlFile(Page.java:46)
  BaseMethod.Page.<init>(Page.java:31)
  TestCases.BaiduSearch.test(BaiduSearch.java:13)
  sun.reflect.NativeMethodAccessorImpl.invoke0(Native Method)
  sun.reflect.NativeMethodAccessorImpl.invoke(Unknown Source)
  sun.reflect.DelegatingMethodAccessorImpl.invoke(Unknown Source)
  java.lang.reflect.Method.invoke(Unknown Source)
  org.testng.internal.MethodInvocationHelper.invokeMethod(MethodInvocationHelper.java:85)
  org.testng.internal.Invoker.invokeMethod(Invoker.java:639)
  org.testng.internal.Invoker.invokeTestMethod(Invoker.java:816)
  org.testng.internal.Invoker.invokeTestMethods(Invoker.java:1124)
  org.testng.internal.TestMethodWorker.invokeTestMethods(TestMethodWorker.java:125)
  org.testng.internal.TestMethodWorker.run(TestMethodWorker.java:108)
  java.util.concurrent.ThreadPoolExecutor.runWorker(Unknown Source)
  java.util.concurrent.ThreadPoolExecutor$Worker.run(Unknown Source)
  java.lang.Thread.run(Unknown Source)
]]>
      </failure>

          </testcase>
  
  
  
</testsuite>
