<?xml version="1.0" encoding="UTF-8"?>
<testng-results skipped="0" failed="0" total="1" passed="1">
  <reporter-output>
  </reporter-output>
  <suite name="Default suite" duration-ms="38172" started-at="2016-09-23T06:12:34Z" finished-at="2016-09-23T06:13:12Z">
    <groups>
    </groups>
    <test name="Default test" duration-ms="38172" started-at="2016-09-23T06:12:34Z" finished-at="2016-09-23T06:13:12Z">
      <class name="TestCases.BiyoApp">
        <test-method status="PASS" signature="setUp()[pri:0, instance:TestCases.BiyoApp@12fa85c8]" name="setUp" is-config="true" duration-ms="4242" started-at="2016-09-23T14:12:34Z" finished-at="2016-09-23T14:12:38Z">
          <reporter-output>
          </reporter-output>
        </test-method> <!-- setUp -->
        <test-method status="PASS" signature="order()[pri:0, instance:TestCases.BiyoApp@12fa85c8]" name="order" duration-ms="33255" started-at="2016-09-23T14:12:38Z" finished-at="2016-09-23T14:13:11Z">
          <reporter-output>
          </reporter-output>
        </test-method> <!-- order -->
        <test-method status="PASS" signature="tearDown()[pri:0, instance:TestCases.BiyoApp@12fa85c8]" name="tearDown" is-config="true" duration-ms="657" started-at="2016-09-23T14:13:11Z" finished-at="2016-09-23T14:13:12Z">
          <reporter-output>
          </reporter-output>
        </test-method> <!-- tearDown -->
      </class> <!-- TestCases.BiyoApp -->
    </test> <!-- Default test -->
  </suite> <!-- Default suite -->
</testng-results>
